+ source /root/mugen/libs/locallibs/common_lib.sh
++ python3 --version
++ '[' 0 -eq 0 ']'
++ source /root/mugen/libs/locallibs/common_lib_python.sh
+ main
++ type -t post_test
+ '[' -n '' ']'
+ trap POST_TEST_DEFAULT EXIT INT HUP TERM
+ rpm -qa
+ grep expect
++ type -t config_params
+ '[' -n '' ']'
++ type -t pre_test
+ '[' -n '' ']'
++ type -t run_test
+ '[' -n function ']'
+ run_test
+ LOG_INFO 'Start to run test.'
+ message='Start to run test.'
+ python3 /root/mugen/libs/locallibs/mugen_log.py --level info --message 'Start to run test.'
Mon May 26 08:52:56 2025 - INFO  - Start to run test.
+ dmesg
+ grep -iE 'error|fail|not support|no such'
+ grep -vE 'Failed to initialise from firmware|platform does not support|virgl 3d acceleration not supported| _OSC failed| fail to add MMCONFIG information|res=success|CPU model not supported|not support BPF/cgroup firewalling'
[    9.279952] Error: Driver 'pcspkr' is already registered, aborting...
[  495.314811] Error: Driver 'pcspkr' is already registered, aborting...
[ 1995.553916] ipmi_si hardcode-ipmi-si.0: Interface detection failed
[ 2021.528192] ipmi_si hardcode-ipmi-si.0: Interface detection failed
[ 8077.339768] audit: type=1131 audit(1748249016.179:34): pid=1 uid=0 auid=4294967295 ses=4294967295 subj=unconfined msg='unit=auditd comm="systemd" exe="/usr/lib/systemd/systemd" hostname=? addr=? terminal=? res=failed'
[ 8293.445596] device-mapper: multipath: 253:1: Failing path 8:16.
[ 8293.446227] I/O error, dev dm-1, sector 20352 op 0x0:(READ) flags 0x80700 phys_seg 1 prio class 2
[ 8293.446256] I/O error, dev dm-1, sector 20352 op 0x0:(READ) flags 0x0 phys_seg 1 prio class 2
[ 8293.446385] Buffer I/O error on dev dm-1, logical block 2544, async page read
[ 8293.481158] I/O error, dev dm-1, sector 1 op 0x0:(READ) flags 0x800 phys_seg 1 prio class 2
[ 8293.481193] I/O error, dev dm-1, sector 20479 op 0x0:(READ) flags 0x800 phys_seg 1 prio class 2
[ 8293.481209] I/O error, dev dm-1, sector 0 op 0x0:(READ) flags 0x800 phys_seg 1 prio class 2
[ 8293.481245] I/O error, dev dm-1, sector 1 op 0x0:(READ) flags 0x800 phys_seg 1 prio class 2
[ 8293.481269] I/O error, dev dm-1, sector 1 op 0x0:(READ) flags 0x800 phys_seg 1 prio class 2
[ 8293.481325] I/O error, dev dm-1, sector 29 op 0x0:(READ) flags 0x800 phys_seg 1 prio class 2
[ 8293.481384] I/O error, dev dm-1, sector 0 op 0x0:(READ) flags 0x800 phys_seg 1 prio class 2
[ 8293.481412] I/O error, dev dm-1, sector 0 op 0x0:(READ) flags 0x800 phys_seg 1 prio class 2
[ 8293.551638] Buffer I/O error on dev dm-1, logical block 0, async page read
[ 8293.551656] Buffer I/O error on dev dm-1, logical block 0, async page read
+ CHECK_RESULT 0 1 0 'Dmesg has false information.'
+ actual_result=0
+ expect_result=1
+ mode=0
+ error_log='Dmesg has false information.'
+ exit_mode=0
+ '[' -z 0 ']'
+ '[' 0 -eq 0 ']'
+ test 0x '!=' 1x
+ test -n 'Dmesg has false information.'
+ LOG_ERROR 'Dmesg has false information.'
+ message='Dmesg has false information.'
+ python3 /root/mugen/libs/locallibs/mugen_log.py --level error --message 'Dmesg has false information.'
Mon May 26 08:52:56 2025 - ERROR - Dmesg has false information.
+ (( exec_result++ ))
+ LOG_ERROR 'oe_test_dmesg_messages_log.sh line 24'
+ message='oe_test_dmesg_messages_log.sh line 24'
+ python3 /root/mugen/libs/locallibs/mugen_log.py --level error --message 'oe_test_dmesg_messages_log.sh line 24'
Mon May 26 08:52:56 2025 - ERROR - oe_test_dmesg_messages_log.sh line 24
+ '[' 0 -eq 1 ']'
+ return 0
+ grep -iE 'error|fail|not support|no such' /var/log/messages
+ grep -vE 'Failed to initialise|platform does not support|Couldn'\''t write '\''fq_codel'\''|Failed to init entropy source|KD_FONT_OP_GET failed while|virgl 3d acceleration|ignorelockingfailure|not support BPF/cgroup firewalling| /etc/lvm/backup/openeuler: stat failed:|Failed to read VG openeuler |ovsdb: Could not connect:|secret-key: failure to generate|dbus-org.freedesktop.resolve1.service|imjournal: No statefile exists|net.ipv4.icmp_ignore_bogus_error_responses|pam_faillock|rasdaemon: wait_access() failed|wait_access\(\) failed|rasdaemon: Can'\''t get|lm_sensors.service|Failed to start Hardware Monitoring Sensors|unit=lm_sensors|/etc/lvm/backup/openeuler_openeuler|package at does not exist| _OSC failed| fail to add MMCONFIG information|failed to open file /etc/ndctl/keys/nvdimm-master|/etc/samba/secrets.tdb\) No such file or directory|Unable to watch \(/root/.ssh/*|ipv6: duplicate address check failed for|linklocal6: failed to generate an address|res=success|Can'\''t open PID file /run/restorecond.pid|CPU model not supported|\[hwrng \]: Initialization Failed|\[rndr  \]: Initialization Failed'
May 26 07:54:23 localhost systemd-udevd[62170]: dm-0: Process '/sbin/kpartx -un /dev/dm-0' failed with exit code 1.
May 26 07:57:24 localhost isulad[63434]:         isulad 20250526075724.297 ERROR    /home/lkp/rpmbuild/BUILD/iSulad-v2.1.1/src/utils/cutils/utils_file.c:util_list_all_subdir:953 - Failed to open directory: /var/lib/isulad/engines error:No such file or directory
May 26 07:57:24 localhost isulad[63434]:         isulad 20250526075724.297 ERROR    /home/lkp/rpmbuild/BUILD/iSulad-v2.1.1/src/daemon/modules/container/restore/restore.c:containers_restore:549 - Failed to list engines
May 26 07:57:26 localhost systemd[63625]: TestA.service: Failed to locate executable /usr/bin/slee: No such file or directory
May 26 07:57:26 localhost systemd[63625]: TestA.service: Failed at step EXEC spawning /usr/bin/slee: No such file or directory
May 26 07:57:26 localhost systemd[1]: TestA.service: Failed with result 'exit-code'.
May 26 07:57:54 localhost [RPM][64332]: erase perl-Error-1:0.17029-3.oe2303.noarch: success
May 26 07:57:54 localhost [RPM][64332]: erase perl-Error-1:0.17029-3.oe2303.noarch: success
May 26 07:58:05 localhost [RPM][64384]: install perl-Error-1:0.17029-3.oe2303.noarch: success
May 26 07:58:06 localhost [RPM][64384]: install perl-Error-1:0.17029-3.oe2303.noarch: success
May 26 07:58:23 localhost systemd[65048]: TestA.service: Failed to locate executable /usr/bin/slee: No such file or directory
May 26 07:58:23 localhost systemd[65048]: TestA.service: Failed at step EXEC spawning /usr/bin/slee: No such file or directory
May 26 07:58:23 localhost systemd[1]: TestA.service: Failed with result 'exit-code'.
May 26 07:58:28 localhost systemd[65070]: TestA.service: Failed to locate executable /usr/bin/slee: No such file or directory
May 26 07:58:28 localhost systemd[65070]: TestA.service: Failed at step EXEC spawning /usr/bin/slee: No such file or directory
May 26 07:58:28 localhost systemd[1]: TestA.service: Failed with result 'exit-code'.
May 26 07:58:34 localhost systemd[65616]: TestA.service: Failed to locate executable /usr/bin/slee: No such file or directory
May 26 07:58:34 localhost systemd[65616]: TestA.service: Failed at step EXEC spawning /usr/bin/slee: No such file or directory
May 26 07:58:34 localhost systemd[1]: TestA.service: Failed with result 'exit-code'.
May 26 07:58:48 localhost isulad[66191]:         isulad 20250526075848.964 ERROR    /home/lkp/rpmbuild/BUILD/iSulad-v2.1.1/src/utils/cutils/utils_file.c:util_list_all_subdir:953 - Failed to open directory: /var/lib/isulad/engines error:No such file or directory
May 26 07:58:48 localhost isulad[66191]:         isulad 20250526075848.964 ERROR    /home/lkp/rpmbuild/BUILD/iSulad-v2.1.1/src/daemon/modules/container/restore/restore.c:containers_restore:549 - Failed to list engines
May 26 06:29:04 localhost rngd[259]: [rdrand]: Initialization Failed
May 26 06:29:06 localhost systemd-tmpfiles[1039]: /usr/lib/tmpfiles.d/systemd.conf:19: Failed to resolve user 'systemd-network': No such process
May 26 06:29:06 localhost systemd-tmpfiles[1039]: /usr/lib/tmpfiles.d/systemd.conf:20: Failed to resolve user 'systemd-network': No such process
May 26 06:29:06 localhost systemd-tmpfiles[1039]: /usr/lib/tmpfiles.d/systemd.conf:21: Failed to resolve user 'systemd-network': No such process
May 26 06:29:06 localhost systemd-tmpfiles[1039]: /usr/lib/tmpfiles.d/systemd.conf:22: Failed to resolve user 'systemd-network': No such process
May 26 06:29:06 localhost rngd[259]: [pkcs11]: Initialization Failed
May 26 06:29:09 localhost kernel: [    9.279952] Error: Driver 'pcspkr' is already registered, aborting...
May 26 06:29:09 localhost kdumpctl[1593]: Starting kdump: [FAILED]
May 26 06:29:09 localhost systemd[1]: kdump.service: Main process exited, code=exited, status=1/FAILURE
May 26 06:29:09 localhost systemd[1]: kdump.service: Failed with result 'exit-code'.
May 26 06:29:09 localhost systemd[1]: Failed to start Crash recovery kernel arming.
May 26 06:30:51 localhost [RPM][5013]: install perl-Error-1:0.17029-3.oe2303.noarch: success
May 26 06:30:52 localhost [RPM][5013]: install perl-Error-1:0.17029-3.oe2303.noarch: success
May 26 06:34:54 localhost sshd[5276]: Read error from remote host 127.0.0.1 port 33810: Connection reset by peer
May 26 06:37:15 localhost kernel: [  495.314811] Error: Driver 'pcspkr' is already registered, aborting...
May 26 06:47:20 localhost dnf[24992]: Failed determining last makecache time.
May 26 07:02:15 localhost kernel: [ 1995.553916] ipmi_si hardcode-ipmi-si.0: Interface detection failed
May 26 07:02:41 localhost kernel: [ 2021.528192] ipmi_si hardcode-ipmi-si.0: Interface detection failed
May 26 07:47:46 localhost systemd[1]: system-serial\x2dgetty.slice: Failed to delete controller cgroups /system.slice/system-serial\x2dgetty.slice, ignoring: Device or resource busy
May 26 07:54:23 localhost systemd-udevd[62170]: dm-0: Process '/sbin/kpartx -un /dev/dm-0' failed with exit code 1.
May 26 07:57:24 localhost isulad[63434]:         isulad 20250526075724.297 ERROR    /home/lkp/rpmbuild/BUILD/iSulad-v2.1.1/src/utils/cutils/utils_file.c:util_list_all_subdir:953 - Failed to open directory: /var/lib/isulad/engines error:No such file or directory
May 26 07:57:24 localhost isulad[63434]:         isulad 20250526075724.297 ERROR    /home/lkp/rpmbuild/BUILD/iSulad-v2.1.1/src/daemon/modules/container/restore/restore.c:containers_restore:549 - Failed to list engines
May 26 07:57:26 localhost systemd[63625]: TestA.service: Failed to locate executable /usr/bin/slee: No such file or directory
May 26 07:57:26 localhost systemd[63625]: TestA.service: Failed at step EXEC spawning /usr/bin/slee: No such file or directory
May 26 07:57:26 localhost systemd[1]: TestA.service: Failed with result 'exit-code'.
May 26 07:57:54 localhost [RPM][64332]: erase perl-Error-1:0.17029-3.oe2303.noarch: success
May 26 07:57:54 localhost [RPM][64332]: erase perl-Error-1:0.17029-3.oe2303.noarch: success
May 26 07:58:05 localhost [RPM][64384]: install perl-Error-1:0.17029-3.oe2303.noarch: success
May 26 07:58:06 localhost [RPM][64384]: install perl-Error-1:0.17029-3.oe2303.noarch: success
May 26 07:58:23 localhost systemd[65048]: TestA.service: Failed to locate executable /usr/bin/slee: No such file or directory
May 26 07:58:23 localhost systemd[65048]: TestA.service: Failed at step EXEC spawning /usr/bin/slee: No such file or directory
May 26 07:58:23 localhost systemd[1]: TestA.service: Failed with result 'exit-code'.
May 26 07:58:28 localhost systemd[65070]: TestA.service: Failed to locate executable /usr/bin/slee: No such file or directory
May 26 07:58:28 localhost systemd[65070]: TestA.service: Failed at step EXEC spawning /usr/bin/slee: No such file or directory
May 26 07:58:28 localhost systemd[1]: TestA.service: Failed with result 'exit-code'.
May 26 07:58:34 localhost systemd[65616]: TestA.service: Failed to locate executable /usr/bin/slee: No such file or directory
May 26 07:58:34 localhost systemd[65616]: TestA.service: Failed at step EXEC spawning /usr/bin/slee: No such file or directory
May 26 07:58:34 localhost systemd[1]: TestA.service: Failed with result 'exit-code'.
May 26 07:58:48 localhost isulad[66191]:         isulad 20250526075848.964 ERROR    /home/lkp/rpmbuild/BUILD/iSulad-v2.1.1/src/utils/cutils/utils_file.c:util_list_all_subdir:953 - Failed to open directory: /var/lib/isulad/engines error:No such file or directory
May 26 07:58:48 localhost isulad[66191]:         isulad 20250526075848.964 ERROR    /home/lkp/rpmbuild/BUILD/iSulad-v2.1.1/src/daemon/modules/container/restore/restore.c:containers_restore:549 - Failed to list engines
May 26 08:01:19 localhost systemd[1]: rsyslog.service: Failed with result 'signal'.
May 26 08:01:32 localhost dockerd[67454]: time="2025-05-26T08:01:32.404429722Z" level=error msg="stat dblock failed stat /var/run/docker/dblock: no such file or directory"
May 26 08:01:32 localhost dockerd[67463]: time="2025-05-26T08:01:32.436972174Z" level=info msg="skip loading plugin \"io.containerd.snapshotter.v1.aufs\"..." error="aufs is not supported (modprobe aufs failed: exit status 1 \"modprobe: FATAL: Module aufs not found in directory /lib/modules/6.1.19-7.0.0.17.oe2303.x86_64\\n\"): skip plugin" type=io.containerd.snapshotter.v1
May 26 08:01:32 localhost dockerd[67463]: time="2025-05-26T08:01:32.437122144Z" level=warning msg="failed to load plugin io.containerd.snapshotter.v1.devmapper" error="devmapper not configured"
May 26 08:01:32 localhost dockerd[67463]: time="2025-05-26T08:01:32.437806141Z" level=info msg="skip loading plugin \"io.containerd.snapshotter.v1.zfs\"..." error="path /var/lib/docker/containerd/daemon/io.containerd.snapshotter.v1.zfs must be a zfs filesystem to be used with the zfs snapshotter: skip plugin" type=io.containerd.snapshotter.v1
May 26 08:01:32 localhost dockerd[67463]: time="2025-05-26T08:01:32.437974664Z" level=warning msg="could not use snapshotter devmapper in metadata plugin" error="devmapper not configured"
May 26 08:01:32 localhost dockerd[67463]: time="2025-05-26T08:01:32.460048801Z" level=info msg="skip loading plugin \"io.containerd.tracing.processor.v1.otlp\"..." error="no OpenTelemetry endpoint: skip plugin" type=io.containerd.tracing.processor.v1
May 26 08:01:32 localhost dockerd[67463]: time="2025-05-26T08:01:32.460148115Z" level=error msg="failed to initialize a tracing processor \"otlp\"" error="no OpenTelemetry endpoint: skip plugin"
May 26 08:01:32 localhost dockerd[67454]: time="2025-05-26T08:01:32.487872812Z" level=warning msg="Your kernel does not support cgroup blkio weight"
May 26 08:01:32 localhost dockerd[67454]: time="2025-05-26T08:01:32.487934400Z" level=warning msg="Your kernel does not support cgroup blkio weight_device"
May 26 08:01:32 localhost dockerd[67454]: time="2025-05-26T08:01:32.664290254Z" level=warning msg="Failed to cleanup netns file /var/run/docker/runtime-runc: remove /var/run/docker/runtime-runc: directory not empty"
May 26 08:01:34 localhost dockerd[67454]: time="2025-05-26T08:01:34.404649158Z" level=info msg="stopping event stream following graceful shutdown" error="<nil>" module=libcontainerd namespace=moby
May 26 08:01:34 localhost dockerd[67454]: time="2025-05-26T08:01:34.404906132Z" level=info msg="stopping event stream following graceful shutdown" error="context canceled" module=libcontainerd namespace=plugins.moby
May 26 08:01:34 localhost dockerd[67454]: time="2025-05-26T08:01:34.405285768Z" level=info msg="pickfirstBalancer: HandleSubConnStateChange: 0xc000587340, TRANSIENT_FAILURE" module=grpc
May 26 08:02:31 localhost rsyslogd[68312]: imjournal: fscanf on state file `/run/log/imjournal.state' failed  [v8.2210.0 try https://www.rsyslog.com/e/2027 ]
May 26 08:36:14 localhost dockerd[73336]: time="2025-05-26T08:36:14.175200643Z" level=info msg="skip loading plugin \"io.containerd.snapshotter.v1.aufs\"..." error="aufs is not supported (modprobe aufs failed: exit status 1 \"modprobe: FATAL: Module aufs not found in directory /lib/modules/6.1.19-7.0.0.17.oe2303.x86_64\\n\"): skip plugin" type=io.containerd.snapshotter.v1
May 26 08:36:14 localhost dockerd[73336]: time="2025-05-26T08:36:14.175286333Z" level=warning msg="failed to load plugin io.containerd.snapshotter.v1.devmapper" error="devmapper not configured"
May 26 08:36:14 localhost dockerd[73336]: time="2025-05-26T08:36:14.175733413Z" level=info msg="skip loading plugin \"io.containerd.snapshotter.v1.zfs\"..." error="path /var/lib/docker/containerd/daemon/io.containerd.snapshotter.v1.zfs must be a zfs filesystem to be used with the zfs snapshotter: skip plugin" type=io.containerd.snapshotter.v1
May 26 08:36:14 localhost dockerd[73336]: time="2025-05-26T08:36:14.175795345Z" level=warning msg="could not use snapshotter devmapper in metadata plugin" error="devmapper not configured"
May 26 08:36:14 localhost dockerd[73336]: time="2025-05-26T08:36:14.176692892Z" level=info msg="skip loading plugin \"io.containerd.tracing.processor.v1.otlp\"..." error="no OpenTelemetry endpoint: skip plugin" type=io.containerd.tracing.processor.v1
May 26 08:36:14 localhost dockerd[73336]: time="2025-05-26T08:36:14.176733193Z" level=error msg="failed to initialize a tracing processor \"otlp\"" error="no OpenTelemetry endpoint: skip plugin"
May 26 08:36:14 localhost dockerd[73326]: time="2025-05-26T08:36:14.203498630Z" level=warning msg="Your kernel does not support cgroup blkio weight"
May 26 08:36:14 localhost dockerd[73326]: time="2025-05-26T08:36:14.203555556Z" level=warning msg="Your kernel does not support cgroup blkio weight_device"
May 26 08:36:14 localhost dockerd[73326]: time="2025-05-26T08:36:14.270512673Z" level=warning msg="Failed to cleanup netns file /var/run/docker/runtime-runc: remove /var/run/docker/runtime-runc: directory not empty"
May 26 08:36:15 localhost dockerd[73326]: time="2025-05-26T08:36:15.918261983Z" level=info msg="stopping event stream following graceful shutdown" error="<nil>" module=libcontainerd namespace=moby
May 26 08:36:15 localhost dockerd[73326]: time="2025-05-26T08:36:15.918561352Z" level=info msg="stopping event stream following graceful shutdown" error="context canceled" module=libcontainerd namespace=plugins.moby
May 26 08:36:15 localhost dockerd[73326]: time="2025-05-26T08:36:15.919083211Z" level=info msg="pickfirstBalancer: HandleSubConnStateChange: 0xc00007e2d0, TRANSIENT_FAILURE" module=grpc
May 26 08:36:22 localhost sshd[73845]: error: kex_exchange_identification: Connection closed by remote host
May 26 08:36:23 localhost sshd[73848]: error: Protocol major versions differ: 2 vs. 1
May 26 08:36:23 localhost sshd[73849]: error: Protocol major versions differ: 2 vs. 1
May 26 08:36:24 localhost sshd[73866]: error: kex_exchange_identification: Connection closed by remote host
May 26 08:36:25 localhost sshd[73869]: error: Protocol major versions differ: 2 vs. 1
May 26 08:36:25 localhost sshd[73870]: error: Protocol major versions differ: 2 vs. 1
May 26 08:41:41 localhost sntp[75097]: kod_init_kod_db(): Cannot open KoD db file /var/lib/sntp/kod: No such file or directory
May 26 08:43:15 localhost isulad[85552]:         isulad 20250526084315.833 ERROR    /home/lkp/rpmbuild/BUILD/iSulad-v2.1.1/src/utils/cutils/utils_file.c:util_list_all_subdir:953 - Failed to open directory: /var/lib/isulad/engines error:No such file or directory
May 26 08:43:15 localhost isulad[85552]:         isulad 20250526084315.833 ERROR    /home/lkp/rpmbuild/BUILD/iSulad-v2.1.1/src/daemon/modules/container/restore/restore.c:containers_restore:549 - Failed to list engines
May 26 08:43:32 localhost isulad[90296]:         isulad 20250526084332.126 ERROR    /home/lkp/rpmbuild/BUILD/iSulad-v2.1.1/src/utils/cutils/utils_file.c:util_list_all_subdir:953 - Failed to open directory: /var/lib/isulad/engines error:No such file or directory
May 26 08:43:32 localhost isulad[90296]:         isulad 20250526084332.126 ERROR    /home/lkp/rpmbuild/BUILD/iSulad-v2.1.1/src/daemon/modules/container/restore/restore.c:containers_restore:549 - Failed to list engines
May 26 08:43:36 localhost systemd[1]: auditd.service: Failed with result 'signal'.
May 26 08:43:36 localhost kernel: [ 8077.339768] audit: type=1131 audit(1748249016.179:34): pid=1 uid=0 auid=4294967295 ses=4294967295 subj=unconfined msg='unit=auditd comm="systemd" exe="/usr/lib/systemd/systemd" hostname=? addr=? terminal=? res=failed'
May 26 08:43:39 localhost systemd[1]: auditd.service: Failed with result 'signal'.
May 26 08:43:39 localhost systemd[1]: dbus.service: Failed with result 'signal'.
May 26 08:44:42 localhost isulad[109255]:         isulad 20250526084442.767 ERROR    /home/lkp/rpmbuild/BUILD/iSulad-v2.1.1/src/utils/cutils/utils_file.c:util_list_all_subdir:953 - Failed to open directory: /var/lib/isulad/engines error:No such file or directory
May 26 08:44:42 localhost isulad[109255]:         isulad 20250526084442.767 ERROR    /home/lkp/rpmbuild/BUILD/iSulad-v2.1.1/src/daemon/modules/container/restore/restore.c:containers_restore:549 - Failed to list engines
May 26 08:44:43 localhost isulad[109421]:         isulad 20250526084443.328 ERROR    /home/lkp/rpmbuild/BUILD/iSulad-v2.1.1/src/utils/cutils/utils_file.c:util_list_all_subdir:953 - Failed to open directory: /var/lib/isulad/engines error:No such file or directory
May 26 08:44:43 localhost isulad[109421]:         isulad 20250526084443.328 ERROR    /home/lkp/rpmbuild/BUILD/iSulad-v2.1.1/src/daemon/modules/container/restore/restore.c:containers_restore:549 - Failed to list engines
May 26 08:44:48 localhost systemd[1]: system-serial\x2dgetty.slice: Failed to delete controller cgroups /system.slice/system-serial\x2dgetty.slice, ignoring: Device or resource busy
May 26 08:44:56 localhost systemd[113341]: TestB.service: Failed to locate executable /usr/bin/slee: No such file or directory
May 26 08:44:56 localhost systemd[113341]: TestB.service: Failed at step EXEC spawning /usr/bin/slee: No such file or directory
May 26 08:44:56 localhost systemd[1]: TestB.service: Failed with result 'exit-code'.
May 26 08:44:56 localhost systemd[113354]: TestB.service: Failed to locate executable /usr/bin/slee: No such file or directory
May 26 08:44:56 localhost systemd[113354]: TestB.service: Failed at step EXEC spawning /usr/bin/slee: No such file or directory
May 26 08:44:56 localhost systemd[1]: TestB.service: Failed with result 'exit-code'.
May 26 08:44:56 localhost systemd[113366]: TestB.service: Failed to locate executable /usr/bin/slee: No such file or directory
May 26 08:44:56 localhost systemd[113366]: TestB.service: Failed at step EXEC spawning /usr/bin/slee: No such file or directory
May 26 08:44:56 localhost systemd[1]: TestB.service: Failed with result 'exit-code'.
May 26 08:44:57 localhost systemd[113828]: TestB.service: Failed to locate executable /usr/bin/slee: No such file or directory
May 26 08:44:57 localhost systemd[113828]: TestB.service: Failed at step EXEC spawning /usr/bin/slee: No such file or directory
May 26 08:44:57 localhost systemd[1]: TestB.service: Failed with result 'exit-code'.
May 26 08:44:57 localhost systemd[113839]: TestB.service: Failed to locate executable /usr/bin/slee: No such file or directory
May 26 08:44:57 localhost systemd[113839]: TestB.service: Failed at step EXEC spawning /usr/bin/slee: No such file or directory
May 26 08:44:57 localhost systemd[1]: TestB.service: Failed with result 'exit-code'.
May 26 08:44:57 localhost systemd[113858]: TestB.service: Failed to locate executable /usr/bin/slee: No such file or directory
May 26 08:44:57 localhost systemd[113858]: TestB.service: Failed at step EXEC spawning /usr/bin/slee: No such file or directory
May 26 08:44:57 localhost systemd[1]: TestB.service: Failed with result 'exit-code'.
May 26 08:46:20 localhost isulad[135468]:         isulad 20250526084620.111 ERROR    /home/lkp/rpmbuild/BUILD/iSulad-v2.1.1/src/utils/cutils/utils_file.c:util_list_all_subdir:953 - Failed to open directory: /var/lib/isulad/engines error:No such file or directory
May 26 08:46:20 localhost isulad[135468]:         isulad 20250526084620.111 ERROR    /home/lkp/rpmbuild/BUILD/iSulad-v2.1.1/src/daemon/modules/container/restore/restore.c:containers_restore:549 - Failed to list engines
May 26 08:47:12 localhost kernel: [ 8293.445596] device-mapper: multipath: 253:1: Failing path 8:16.
May 26 08:47:12 localhost kernel: [ 8293.446227] I/O error, dev dm-1, sector 20352 op 0x0:(READ) flags 0x80700 phys_seg 1 prio class 2
May 26 08:47:12 localhost kernel: [ 8293.446256] I/O error, dev dm-1, sector 20352 op 0x0:(READ) flags 0x0 phys_seg 1 prio class 2
May 26 08:47:12 localhost kernel: [ 8293.446385] Buffer I/O error on dev dm-1, logical block 2544, async page read
May 26 08:47:12 localhost kernel: [ 8293.481158] I/O error, dev dm-1, sector 1 op 0x0:(READ) flags 0x800 phys_seg 1 prio class 2
May 26 08:47:12 localhost kernel: [ 8293.481193] I/O error, dev dm-1, sector 20479 op 0x0:(READ) flags 0x800 phys_seg 1 prio class 2
May 26 08:47:12 localhost kernel: [ 8293.481209] I/O error, dev dm-1, sector 0 op 0x0:(READ) flags 0x800 phys_seg 1 prio class 2
May 26 08:47:12 localhost kernel: [ 8293.481245] I/O error, dev dm-1, sector 1 op 0x0:(READ) flags 0x800 phys_seg 1 prio class 2
May 26 08:47:12 localhost kernel: [ 8293.481269] I/O error, dev dm-1, sector 1 op 0x0:(READ) flags 0x800 phys_seg 1 prio class 2
May 26 08:47:12 localhost kernel: [ 8293.481325] I/O error, dev dm-1, sector 29 op 0x0:(READ) flags 0x800 phys_seg 1 prio class 2
May 26 08:47:12 localhost kernel: [ 8293.481384] I/O error, dev dm-1, sector 0 op 0x0:(READ) flags 0x800 phys_seg 1 prio class 2
May 26 08:47:12 localhost kernel: [ 8293.481412] I/O error, dev dm-1, sector 0 op 0x0:(READ) flags 0x800 phys_seg 1 prio class 2
May 26 08:47:12 localhost kernel: [ 8293.551638] Buffer I/O error on dev dm-1, logical block 0, async page read
May 26 08:47:12 localhost kernel: [ 8293.551656] Buffer I/O error on dev dm-1, logical block 0, async page read
May 26 08:49:26 localhost dockerd[184843]: time="2025-05-26T08:49:26.895488030Z" level=info msg="skip loading plugin \"io.containerd.snapshotter.v1.aufs\"..." error="aufs is not supported (modprobe aufs failed: exit status 1 \"modprobe: FATAL: Module aufs not found in directory /lib/modules/6.1.19-7.0.0.17.oe2303.x86_64\\n\"): skip plugin" type=io.containerd.snapshotter.v1
May 26 08:49:26 localhost dockerd[184843]: time="2025-05-26T08:49:26.895570002Z" level=warning msg="failed to load plugin io.containerd.snapshotter.v1.devmapper" error="devmapper not configured"
May 26 08:49:26 localhost dockerd[184843]: time="2025-05-26T08:49:26.895832758Z" level=info msg="skip loading plugin \"io.containerd.snapshotter.v1.zfs\"..." error="path /var/lib/docker/containerd/daemon/io.containerd.snapshotter.v1.zfs must be a zfs filesystem to be used with the zfs snapshotter: skip plugin" type=io.containerd.snapshotter.v1
May 26 08:49:26 localhost dockerd[184843]: time="2025-05-26T08:49:26.895897788Z" level=warning msg="could not use snapshotter devmapper in metadata plugin" error="devmapper not configured"
May 26 08:49:26 localhost dockerd[184843]: time="2025-05-26T08:49:26.896769991Z" level=info msg="skip loading plugin \"io.containerd.tracing.processor.v1.otlp\"..." error="no OpenTelemetry endpoint: skip plugin" type=io.containerd.tracing.processor.v1
May 26 08:49:26 localhost dockerd[184843]: time="2025-05-26T08:49:26.896793297Z" level=error msg="failed to initialize a tracing processor \"otlp\"" error="no OpenTelemetry endpoint: skip plugin"
May 26 08:49:26 localhost dockerd[184826]: time="2025-05-26T08:49:26.915808079Z" level=warning msg="Your kernel does not support cgroup blkio weight"
May 26 08:49:26 localhost dockerd[184826]: time="2025-05-26T08:49:26.915833718Z" level=warning msg="Your kernel does not support cgroup blkio weight_device"
May 26 08:49:26 localhost dockerd[184826]: time="2025-05-26T08:49:26.993816629Z" level=warning msg="Failed to cleanup netns file /var/run/docker/runtime-runc: remove /var/run/docker/runtime-runc: directory not empty"
May 26 08:49:28 localhost dockerd[184826]: time="2025-05-26T08:49:28.585452564Z" level=info msg="stopping event stream following graceful shutdown" error="<nil>" module=libcontainerd namespace=moby
May 26 08:49:28 localhost dockerd[184826]: time="2025-05-26T08:49:28.585761612Z" level=info msg="stopping event stream following graceful shutdown" error="context canceled" module=libcontainerd namespace=plugins.moby
May 26 08:49:28 localhost dockerd[184826]: time="2025-05-26T08:49:28.586211882Z" level=info msg="pickfirstBalancer: HandleSubConnStateChange: 0xc0002c2590, TRANSIENT_FAILURE" module=grpc
May 26 08:49:45 localhost chown[189954]: /usr/bin/chown: cannot access '/var/run/openvswitch': No such file or directory
May 26 08:50:07 localhost dockerd[195775]: time="2025-05-26T08:50:07.473078076Z" level=info msg="skip loading plugin \"io.containerd.snapshotter.v1.aufs\"..." error="aufs is not supported (modprobe aufs failed: exit status 1 \"modprobe: FATAL: Module aufs not found in directory /lib/modules/6.1.19-7.0.0.17.oe2303.x86_64\\n\"): skip plugin" type=io.containerd.snapshotter.v1
May 26 08:50:07 localhost dockerd[195775]: time="2025-05-26T08:50:07.473393032Z" level=warning msg="failed to load plugin io.containerd.snapshotter.v1.devmapper" error="devmapper not configured"
May 26 08:50:07 localhost dockerd[195775]: time="2025-05-26T08:50:07.473962452Z" level=info msg="skip loading plugin \"io.containerd.snapshotter.v1.zfs\"..." error="path /var/lib/docker/containerd/daemon/io.containerd.snapshotter.v1.zfs must be a zfs filesystem to be used with the zfs snapshotter: skip plugin" type=io.containerd.snapshotter.v1
May 26 08:50:07 localhost dockerd[195775]: time="2025-05-26T08:50:07.474064932Z" level=warning msg="could not use snapshotter devmapper in metadata plugin" error="devmapper not configured"
May 26 08:50:07 localhost dockerd[195775]: time="2025-05-26T08:50:07.476613110Z" level=info msg="skip loading plugin \"io.containerd.tracing.processor.v1.otlp\"..." error="no OpenTelemetry endpoint: skip plugin" type=io.containerd.tracing.processor.v1
May 26 08:50:07 localhost dockerd[195775]: time="2025-05-26T08:50:07.476729039Z" level=error msg="failed to initialize a tracing processor \"otlp\"" error="no OpenTelemetry endpoint: skip plugin"
May 26 08:50:07 localhost dockerd[195758]: time="2025-05-26T08:50:07.494730743Z" level=warning msg="Your kernel does not support cgroup blkio weight"
May 26 08:50:07 localhost dockerd[195758]: time="2025-05-26T08:50:07.494773186Z" level=warning msg="Your kernel does not support cgroup blkio weight_device"
May 26 08:50:07 localhost dockerd[195758]: time="2025-05-26T08:50:07.569113421Z" level=warning msg="Failed to cleanup netns file /var/run/docker/runtime-runc: remove /var/run/docker/runtime-runc: directory not empty"
May 26 08:50:09 localhost dockerd[195758]: time="2025-05-26T08:50:09.231541339Z" level=info msg="stopping event stream following graceful shutdown" error="<nil>" module=libcontainerd namespace=moby
May 26 08:50:09 localhost dockerd[195758]: time="2025-05-26T08:50:09.231776980Z" level=info msg="stopping event stream following graceful shutdown" error="context canceled" module=libcontainerd namespace=plugins.moby
May 26 08:50:09 localhost dockerd[195758]: time="2025-05-26T08:50:09.232146204Z" level=info msg="pickfirstBalancer: HandleSubConnStateChange: 0xc000204e10, TRANSIENT_FAILURE" module=grpc
May 26 08:50:41 localhost dockerd[204638]: time="2025-05-26T08:50:41.878050360Z" level=info msg="skip loading plugin \"io.containerd.snapshotter.v1.aufs\"..." error="aufs is not supported (modprobe aufs failed: exit status 1 \"modprobe: FATAL: Module aufs not found in directory /lib/modules/6.1.19-7.0.0.17.oe2303.x86_64\\n\"): skip plugin" type=io.containerd.snapshotter.v1
May 26 08:50:41 localhost dockerd[204638]: time="2025-05-26T08:50:41.878161895Z" level=warning msg="failed to load plugin io.containerd.snapshotter.v1.devmapper" error="devmapper not configured"
May 26 08:50:41 localhost dockerd[204638]: time="2025-05-26T08:50:41.878535204Z" level=info msg="skip loading plugin \"io.containerd.snapshotter.v1.zfs\"..." error="path /var/lib/docker/containerd/daemon/io.containerd.snapshotter.v1.zfs must be a zfs filesystem to be used with the zfs snapshotter: skip plugin" type=io.containerd.snapshotter.v1
May 26 08:50:41 localhost dockerd[204638]: time="2025-05-26T08:50:41.878605348Z" level=warning msg="could not use snapshotter devmapper in metadata plugin" error="devmapper not configured"
May 26 08:50:41 localhost dockerd[204638]: time="2025-05-26T08:50:41.879550489Z" level=info msg="skip loading plugin \"io.containerd.tracing.processor.v1.otlp\"..." error="no OpenTelemetry endpoint: skip plugin" type=io.containerd.tracing.processor.v1
May 26 08:50:41 localhost dockerd[204638]: time="2025-05-26T08:50:41.879574597Z" level=error msg="failed to initialize a tracing processor \"otlp\"" error="no OpenTelemetry endpoint: skip plugin"
May 26 08:50:41 localhost dockerd[204623]: time="2025-05-26T08:50:41.898793765Z" level=warning msg="Your kernel does not support cgroup blkio weight"
May 26 08:50:41 localhost dockerd[204623]: time="2025-05-26T08:50:41.898819369Z" level=warning msg="Your kernel does not support cgroup blkio weight_device"
May 26 08:50:41 localhost dockerd[204623]: time="2025-05-26T08:50:41.968807221Z" level=warning msg="Failed to cleanup netns file /var/run/docker/runtime-runc: remove /var/run/docker/runtime-runc: directory not empty"
May 26 08:50:43 localhost dockerd[204623]: time="2025-05-26T08:50:43.644986135Z" level=info msg="stopping event stream following graceful shutdown" error="context canceled" module=libcontainerd namespace=moby
May 26 08:50:43 localhost dockerd[204623]: time="2025-05-26T08:50:43.645081712Z" level=info msg="stopping event stream following graceful shutdown" error="context canceled" module=libcontainerd namespace=plugins.moby
May 26 08:50:43 localhost dockerd[204623]: time="2025-05-26T08:50:43.645430449Z" level=info msg="pickfirstBalancer: HandleSubConnStateChange: 0xc0001be510, TRANSIENT_FAILURE" module=grpc
May 26 08:52:17 localhost dockerd[229450]: time="2025-05-26T08:52:17.435428169Z" level=info msg="skip loading plugin \"io.containerd.snapshotter.v1.aufs\"..." error="aufs is not supported (modprobe aufs failed: exit status 1 \"modprobe: FATAL: Module aufs not found in directory /lib/modules/6.1.19-7.0.0.17.oe2303.x86_64\\n\"): skip plugin" type=io.containerd.snapshotter.v1
May 26 08:52:17 localhost dockerd[229450]: time="2025-05-26T08:52:17.435519432Z" level=warning msg="failed to load plugin io.containerd.snapshotter.v1.devmapper" error="devmapper not configured"
May 26 08:52:17 localhost dockerd[229450]: time="2025-05-26T08:52:17.435770919Z" level=info msg="skip loading plugin \"io.containerd.snapshotter.v1.zfs\"..." error="path /var/lib/docker/containerd/daemon/io.containerd.snapshotter.v1.zfs must be a zfs filesystem to be used with the zfs snapshotter: skip plugin" type=io.containerd.snapshotter.v1
May 26 08:52:17 localhost dockerd[229450]: time="2025-05-26T08:52:17.435832528Z" level=warning msg="could not use snapshotter devmapper in metadata plugin" error="devmapper not configured"
May 26 08:52:17 localhost dockerd[229450]: time="2025-05-26T08:52:17.436835035Z" level=info msg="skip loading plugin \"io.containerd.tracing.processor.v1.otlp\"..." error="no OpenTelemetry endpoint: skip plugin" type=io.containerd.tracing.processor.v1
May 26 08:52:17 localhost dockerd[229450]: time="2025-05-26T08:52:17.436858941Z" level=error msg="failed to initialize a tracing processor \"otlp\"" error="no OpenTelemetry endpoint: skip plugin"
May 26 08:52:17 localhost dockerd[229431]: time="2025-05-26T08:52:17.457799609Z" level=warning msg="Your kernel does not support cgroup blkio weight"
May 26 08:52:17 localhost dockerd[229431]: time="2025-05-26T08:52:17.457813921Z" level=warning msg="Your kernel does not support cgroup blkio weight_device"
May 26 08:52:17 localhost dockerd[229431]: time="2025-05-26T08:52:17.533977462Z" level=warning msg="Failed to cleanup netns file /var/run/docker/runtime-runc: remove /var/run/docker/runtime-runc: directory not empty"
May 26 08:52:19 localhost dockerd[229431]: time="2025-05-26T08:52:19.517977312Z" level=info msg="stopping event stream following graceful shutdown" error="context canceled" module=libcontainerd namespace=moby
May 26 08:52:19 localhost dockerd[229431]: time="2025-05-26T08:52:19.518435851Z" level=info msg="stopping event stream following graceful shutdown" error="context canceled" module=libcontainerd namespace=plugins.moby
May 26 08:52:19 localhost dockerd[229431]: time="2025-05-26T08:52:19.518505629Z" level=info msg="pickfirstBalancer: HandleSubConnStateChange: 0xc0000c41f0, TRANSIENT_FAILURE" module=grpc
May 26 08:52:23 localhost lldpad[231399]: config file failed to load,
May 26 08:52:24 localhost systemd[231808]: TestB.service: Failed to locate executable /usr/bin/slee: No such file or directory
May 26 08:52:24 localhost systemd[231808]: TestB.service: Failed at step EXEC spawning /usr/bin/slee: No such file or directory
May 26 08:52:24 localhost systemd[1]: TestB.service: Failed with result 'exit-code'.
May 26 08:52:25 localhost systemd[231830]: TestB.service: Failed to locate executable /usr/bin/slee: No such file or directory
May 26 08:52:25 localhost systemd[231830]: TestB.service: Failed at step EXEC spawning /usr/bin/slee: No such file or directory
May 26 08:52:25 localhost systemd[1]: TestB.service: Failed with result 'exit-code'.
May 26 08:52:35 localhost systemd[234474]: TestB.service: Failed to locate executable /usr/bin/slee: No such file or directory
May 26 08:52:35 localhost systemd[234474]: TestB.service: Failed at step EXEC spawning /usr/bin/slee: No such file or directory
May 26 08:52:35 localhost systemd[1]: TestB.service: Failed with result 'exit-code'.
May 26 08:52:44 localhost dockerd[236944]: time="2025-05-26T08:52:44.358475589Z" level=info msg="skip loading plugin \"io.containerd.snapshotter.v1.aufs\"..." error="aufs is not supported (modprobe aufs failed: exit status 1 \"modprobe: FATAL: Module aufs not found in directory /lib/modules/6.1.19-7.0.0.17.oe2303.x86_64\\n\"): skip plugin" type=io.containerd.snapshotter.v1
May 26 08:52:44 localhost dockerd[236944]: time="2025-05-26T08:52:44.358569930Z" level=warning msg="failed to load plugin io.containerd.snapshotter.v1.devmapper" error="devmapper not configured"
May 26 08:52:44 localhost dockerd[236944]: time="2025-05-26T08:52:44.358805782Z" level=info msg="skip loading plugin \"io.containerd.snapshotter.v1.zfs\"..." error="path /var/lib/docker/containerd/daemon/io.containerd.snapshotter.v1.zfs must be a zfs filesystem to be used with the zfs snapshotter: skip plugin" type=io.containerd.snapshotter.v1
May 26 08:52:44 localhost dockerd[236944]: time="2025-05-26T08:52:44.358864682Z" level=warning msg="could not use snapshotter devmapper in metadata plugin" error="devmapper not configured"
May 26 08:52:44 localhost dockerd[236944]: time="2025-05-26T08:52:44.359885240Z" level=info msg="skip loading plugin \"io.containerd.tracing.processor.v1.otlp\"..." error="no OpenTelemetry endpoint: skip plugin" type=io.containerd.tracing.processor.v1
May 26 08:52:44 localhost dockerd[236944]: time="2025-05-26T08:52:44.359908953Z" level=error msg="failed to initialize a tracing processor \"otlp\"" error="no OpenTelemetry endpoint: skip plugin"
May 26 08:52:44 localhost dockerd[236926]: time="2025-05-26T08:52:44.378231685Z" level=warning msg="Your kernel does not support cgroup blkio weight"
May 26 08:52:44 localhost dockerd[236926]: time="2025-05-26T08:52:44.378257248Z" level=warning msg="Your kernel does not support cgroup blkio weight_device"
May 26 08:52:44 localhost dockerd[236926]: time="2025-05-26T08:52:44.445353495Z" level=warning msg="Failed to cleanup netns file /var/run/docker/runtime-runc: remove /var/run/docker/runtime-runc: directory not empty"
May 26 08:52:46 localhost dockerd[236926]: time="2025-05-26T08:52:46.200712021Z" level=info msg="stopping event stream following graceful shutdown" error="<nil>" module=libcontainerd namespace=moby
May 26 08:52:46 localhost dockerd[236926]: time="2025-05-26T08:52:46.201124800Z" level=info msg="stopping event stream following graceful shutdown" error="context canceled" module=libcontainerd namespace=plugins.moby
May 26 08:52:46 localhost dockerd[236926]: time="2025-05-26T08:52:46.201483579Z" level=info msg="pickfirstBalancer: HandleSubConnStateChange: 0xc0002045d0, TRANSIENT_FAILURE" module=grpc
May 26 08:52:54 localhost isulad[239759]:         isulad 20250526085254.153 ERROR    /home/lkp/rpmbuild/BUILD/iSulad-v2.1.1/src/utils/cutils/utils_file.c:util_list_all_subdir:953 - Failed to open directory: /var/lib/isulad/engines error:No such file or directory
May 26 08:52:54 localhost isulad[239759]:         isulad 20250526085254.153 ERROR    /home/lkp/rpmbuild/BUILD/iSulad-v2.1.1/src/daemon/modules/container/restore/restore.c:containers_restore:549 - Failed to list engines
+ CHECK_RESULT 0 1 0 'Dmesg has false information.'
+ actual_result=0
+ expect_result=1
+ mode=0
+ error_log='Dmesg has false information.'
+ exit_mode=0
+ '[' -z 0 ']'
+ '[' 0 -eq 0 ']'
+ test 0x '!=' 1x
+ test -n 'Dmesg has false information.'
+ LOG_ERROR 'Dmesg has false information.'
+ message='Dmesg has false information.'
+ python3 /root/mugen/libs/locallibs/mugen_log.py --level error --message 'Dmesg has false information.'
Mon May 26 08:52:56 2025 - ERROR - Dmesg has false information.
+ (( exec_result++ ))
+ LOG_ERROR 'oe_test_dmesg_messages_log.sh line 26'
+ message='oe_test_dmesg_messages_log.sh line 26'
+ python3 /root/mugen/libs/locallibs/mugen_log.py --level error --message 'oe_test_dmesg_messages_log.sh line 26'
Mon May 26 08:52:56 2025 - ERROR - oe_test_dmesg_messages_log.sh line 26
+ '[' 0 -eq 1 ']'
+ return 0
+ CASE_RESULT 0
+ case_re=0
+ test -z 2
+ test 2 -gt 0
+ LOG_ERROR 'failed to execute the case.'
+ message='failed to execute the case.'
+ python3 /root/mugen/libs/locallibs/mugen_log.py --level error --message 'failed to execute the case.'
Mon May 26 08:52:56 2025 - ERROR - failed to execute the case.
+ exit 2
+ POST_TEST_DEFAULT
+ LOG_INFO 'oe_test_dmesg_messages_log.sh post_test'
+ message='oe_test_dmesg_messages_log.sh post_test'
+ python3 /root/mugen/libs/locallibs/mugen_log.py --level info --message 'oe_test_dmesg_messages_log.sh post_test'
Mon May 26 08:52:56 2025 - INFO  - oe_test_dmesg_messages_log.sh post_test
